5.99988000e+03 0.00000000e+00 0.00000000e+00
1.20001000e+04 0.00000000e+00 0.00000000e+00
1.79997000e+04 0.00000000e+00 0.00000000e+00
2.40002000e+04 0.00000000e+00 0.00000000e+00
3.00000000e+04 0.00000000e+00 0.00000000e+00
3.60001000e+04 0.00000000e+00 0.00000000e+00
4.20002000e+04 0.00000000e+00 0.00000000e+00
4.79999000e+04 0.00000000e+00 0.00000000e+00
5.40003000e+04 0.00000000e+00 0.00000000e+00
6.00000000e+04 -1.33652000e-01 0.00000000e+00
6.00000000e+04 6.00013000e+03 0.00000000e+00
6.00000000e+04 1.20000000e+04 0.00000000e+00
6.00000000e+04 1.80000000e+04 0.00000000e+00
6.00000000e+04 2.39998000e+04 0.00000000e+00
6.00000000e+04 2.99999000e+04 0.00000000e+00
6.00000000e+04 3.60001000e+04 0.00000000e+00
6.00000000e+04 4.20002000e+04 0.00000000e+00
6.00000000e+04 4.79998000e+04 0.00000000e+00
6.00000000e+04 5.40001000e+04 0.00000000e+00
6.00000000e+04 6.00000000e+04 0.00000000e+00
6.00000000e+04 6.60000000e+04 0.00000000e+00
6.00000000e+04 7.19998000e+04 0.00000000e+00
6.00000000e+04 7.79997000e+04 0.00000000e+00
6.00000000e+04 8.40000000e+04 0.00000000e+00
6.00002000e+04 9.00000000e+04 0.00000000e+00
5.40002000e+04 9.00000000e+04 0.00000000e+00
4.80001000e+04 9.00000000e+04 0.00000000e+00
4.19999000e+04 9.00000000e+04 0.00000000e+00
3.59998000e+04 9.00000000e+04 0.00000000e+00
3.00001000e+04 9.00000000e+04 0.00000000e+00
2.39998000e+04 9.00000000e+04 0.00000000e+00
1.80000000e+04 9.00000000e+04 0.00000000e+00
1.19999000e+04 9.00000000e+04 0.00000000e+00
6.00030000e+03 9.00000000e+04 0.00000000e+00
0.00000000e+00 8.99999000e+04 0.00000000e+00
0.00000000e+00 8.40002000e+04 0.00000000e+00
0.00000000e+00 7.80001000e+04 0.00000000e+00
0.00000000e+00 7.20002000e+04 0.00000000e+00
0.00000000e+00 6.60003000e+04 0.00000000e+00
0.00000000e+00 5.99997000e+04 0.00000000e+00
0.00000000e+00 5.40003000e+04 0.00000000e+00
0.00000000e+00 4.80003000e+04 0.00000000e+00
0.00000000e+00 4.20003000e+04 0.00000000e+00
0.00000000e+00 3.59997000e+04 0.00000000e+00
0.00000000e+00 2.99997000e+04 0.00000000e+00
0.00000000e+00 2.40002000e+04 0.00000000e+00
0.00000000e+00 1.80002000e+04 0.00000000e+00
0.00000000e+00 1.19998000e+04 0.00000000e+00
0.00000000e+00 5.99978000e+03 0.00000000e+00
0.00000000e+00 7.33029000e-02 0.00000000e+00
3.08861000e+03 7.05049000e+03 2.72656000e+16
8.21865000e+03 1.19786000e+04 2.75711000e+16
4.09943000e+03 1.66043000e+04 2.70331000e+16
8.15482000e+03 2.25424000e+04 3.37683000e+16
3.97106000e+03 3.11985000e+04 2.78443000e+16
8.38093000e+03 3.61215000e+04 3.22981000e+16
3.35013000e+03 4.16334000e+04 2.81242000e+16
8.22985000e+03 4.68038000e+04 3.37633000e+16
4.49859000e+03 5.45520000e+04 2.67395000e+16
7.02168000e+03 5.86232000e+04 2.72740000e+16
4.27331000e+03 6.64241000e+04 3.25305000e+16
7.58960000e+03 7.26538000e+04 2.99024000e+16
3.59193000e+03 7.78474000e+04 2.73401000e+16
7.77287000e+03 8.33262000e+04 3.58675000e+16
1.10386000e+04 6.16818000e+03 3.08064000e+16
1.27503000e+04 1.29627000e+04 2.78914000e+16
1.07124000e+04 1.76482000e+04 2.38820000e+16
1.34725000e+04 2.26471000e+04 3.03911000e+16
9.59321000e+03 2.96645000e+04 3.20882000e+16
1.32850000e+04 3.45648000e+04 2.59561000e+16
1.07398000e+04 4.32520000e+04 2.49126000e+16
1.46965000e+04 4.78286000e+04 3.14813000e+16
1.02457000e+04 5.48029000e+04 3.22207000e+16
1.21012000e+04 6.14182000e+04 3.19074000e+16
1.16700000e+04 6.67020000e+04 2.97933000e+16
1.28425000e+04 7.25828000e+04 2.57080000e+16
1.15454000e+04 7.68341000e+04 2.64075000e+16
1.42971000e+04 8.34569000e+04 2.99989000e+16
1.62121000e+04 6.02131000e+03 2.96838000e+16
2.09858000e+04 1.07610000e+04 2.89596000e+16
1.68725000e+04 1.77890000e+04 2.73550000e+16
2.00420000e+04 2.43547000e+04 3.34670000e+16
1.58000000e+04 3.13366000e+04 3.18578000e+16
2.09389000e+04 3.61675000e+04 2.92836000e+16
1.51446000e+04 4.18783000e+04 3.02090000e+16
2.08015000e+04 4.70156000e+04 2.66827000e+16
1.72164000e+04 5.45719000e+04 3.07897000e+16
2.08825000e+04 5.95240000e+04 2.33800000e+16
1.74878000e+04 6.49507000e+04 3.01263000e+16
1.99191000e+04 7.13418000e+04 3.14458000e+16
1.67724000e+04 7.79091000e+04 2.82668000e+16
1.99781000e+04 8.39337000e+04 2.70581000e+16
2.27869000e+04 5.79169000e+03 2.78237000e+16
2.62333000e+04 1.08269000e+04 2.95190000e+16
2.16588000e+04 1.69735000e+04 3.26961000e+16
2.63013000e+04 2.37731000e+04 2.96330000e+16
2.32751000e+04 2.92614000e+04 2.98035000e+16
2.60438000e+04 3.66439000e+04 2.47477000e+16
2.18090000e+04 4.09634000e+04 2.68945000e+16
2.44523000e+04 4.71082000e+04 2.57897000e+16
2.11078000e+04 5.50083000e+04 2.60117000e+16
2.44000000e+04 6.11121000e+04 2.79008000e+16
2.29287000e+04 6.71711000e+04 2.43782000e+16
2.66630000e+04 7.20284000e+04 2.64977000e+16
2.31091000e+04 7.79550000e+04 2.52055000e+16
2.51577000e+04 8.32385000e+04 2.88964000e+16
2.96744000e+04 6.52445000e+03 2.85788000e+16
3.28694000e+04 1.18109000e+04 2.81175000e+16
2.93261000e+04 1.87640000e+04 3.39700000e+16
3.22695000e+04 2.48660000e+04 2.82449000e+16
2.84019000e+04 3.06158000e+04 2.59281000e+16
3.05746000e+04 3.52049000e+04 2.94716000e+16
2.85895000e+04 4.27038000e+04 3.07977000e+16
3.19748000e+04 4.80628000e+04 3.12110000e+16
2.77991000e+04 5.27506000e+04 3.38849000e+16
3.13303000e+04 5.92329000e+04 3.21320000e+16
2.85011000e+04 6.60450000e+04 2.79110000e+16
3.23501000e+04 7.15862000e+04 2.35581000e+16
2.71221000e+04 7.74920000e+04 2.91549000e+16
3.20245000e+04 8.51951000e+04 3.09152000e+16
3.53794000e+04 7.22496000e+03 2.35185000e+16
3.82710000e+04 1.16002000e+04 2.77617000e+16
3.52431000e+04 1.83585000e+04 2.83752000e+16
3.85419000e+04 2.29248000e+04 2.78180000e+16
3.46958000e+04 2.96293000e+04 2.94461000e+16
3.84811000e+04 3.62831000e+04 2.68942000e+16
3.51957000e+04 4.18341000e+04 3.10863000e+16
3.87856000e+04 4.90743000e+04 2.26072000e+16
3.40853000e+04 5.41770000e+04 2.70541000e+16
3.67749000e+04 6.09743000e+04 3.07289000e+16
3.40416000e+04 6.72310000e+04 2.68567000e+16
3.60594000e+04 7.20500000e+04 2.73167000e+16
3.53804000e+04 7.91698000e+04 3.43922000e+16
3.84491000e+04 8.50472000e+04 2.74685000e+16
3.96305000e+04 4.66700000e+03 2.83164000e+16
4.38677000e+04 1.32757000e+04 2.87054000e+16
4.10581000e+04 1.79452000e+04 2.34854000e+16
4.36876000e+04 2.50502000e+04 3.00913000e+16
4.02858000e+04 3.11484000e+04 2.43776000e+16
4.20103000e+04 3.52210000e+04 2.18765000e+16
4.00718000e+04 4.30733000e+04 3.16412000e+16
4.20757000e+04 4.94947000e+04 2.96243000e+16
3.92818000e+04 5.40288000e+04 2.57687000e+16
4.35034000e+04 6.12054000e+04 2.22209000e+16
4.11093000e+04 6.52505000e+04 2.38021000e+16
4.31140000e+04 7.07354000e+04 2.91790000e+16
4.07528000e+04 7.79369000e+04 2.66496000e+16
4.40357000e+04 8.25539000e+04 2.99980000e+16
4.71810000e+04 5.96829000e+03 3.12743000e+16
5.06033000e+04 1.05647000e+04 3.11757000e+16
4.53686000e+04 1.73516000e+04 3.14547000e+16
4.93761000e+04 2.52437000e+04 3.26254000e+16
4.54562000e+04 3.13800000e+04 2.63257000e+16
4.86294000e+04 3.61323000e+04 2.59887000e+16
4.72948000e+04 4.11212000e+04 3.15459000e+16
5.09102000e+04 4.81337000e+04 2.99302000e+16
4.52615000e+04 5.53175000e+04 3.11732000e+16
4.84427000e+04 6.14456000e+04 2.70959000e+16
4.50812000e+04 6.47201000e+04 2.01282000e+16
4.86029000e+04 7.08320000e+04 3.38903000e+16
4.54030000e+04 7.69018000e+04 2.89552000e+16
4.97566000e+04 8.53711000e+04 2.94620000e+16
5.24408000e+04 5.98807000e+03 2.84921000e+16
5.64780000e+04 1.29803000e+04 2.52548000e+16
5.38704000e+04 1.84353000e+04 3.59834000e+16
5.51883000e+04 2.45901000e+04 2.64097000e+16
5.29433000e+04 3.04608000e+04 3.19202000e+16
5.41492000e+04 3.67714000e+04 3.11113000e+16
5.12877000e+04 4.34668000e+04 2.72469000e+16
5.55273000e+04 4.80050000e+04 2.63628000e+16
5.13709000e+04 5.44682000e+04 3.43434000e+16
5.53009000e+04 5.96490000e+04 2.71344000e+16
5.37734000e+04 6.48595000e+04 3.06175000e+16
5.56259000e+04 7.13200000e+04 2.96565000e+16
5.25824000e+04 7.78006000e+04 3.80060000e+16
5.57472000e+04 8.36713000e+04 2.66889000e+16
